\BOOKMARK [0][-]{chapter.1}{\376\377\122\115\212\000}{}% 1
\BOOKMARK [0][-]{chapter.2}{\376\377\172\336\215\133\173\200\116\313}{}% 2
\BOOKMARK [1][-]{section.2.1}{\376\377\172\336\215\133\116\373\122\241}{chapter.2}% 3
\BOOKMARK [1][-]{section.2.2}{\376\377\215\133\230\230}{chapter.2}% 4
\BOOKMARK [1][-]{section.2.3}{\376\377\172\336\215\133\116\073\211\201\166\370\121\163\215\104\145\231\147\145\156\220}{chapter.2}% 5
\BOOKMARK [1][-]{section.2.4}{\376\377\133\371\123\302\215\133\200\005\166\204\211\201\154\102}{chapter.2}% 6
\BOOKMARK [1][-]{section.2.5}{\376\377\133\371\123\302\215\133\200\005\166\204\131\175\131\004}{chapter.2}% 7
\BOOKMARK [1][-]{section.2.6}{\376\377\123\302\215\133\124\016\166\204\136\372\213\256}{chapter.2}% 8
\BOOKMARK [0][-]{chapter.3}{\376\377\170\024\172\166\173\200\116\313}{}% 9
\BOOKMARK [1][-]{section.3.1}{\376\377\171\321\133\146\166\204\123\237\122\031\124\214\116\367\120\074\211\302}{chapter.3}% 10
\BOOKMARK [1][-]{section.3.2}{\376\377\171\321\170\024\217\307\172\013}{chapter.3}% 11
\BOOKMARK [0][-]{chapter.4}{\376\377\117\341\140\157\144\034\226\306}{}% 12
\BOOKMARK [1][-]{section.4.1}{\376\377\127\372\147\054\164\006\213\272\166\204\133\146\116\140}{chapter.4}% 13
\BOOKMARK [1][-]{section.4.2}{\376\377\213\272\145\207\166\204\144\034\226\306\124\214\226\005\213\373}{chapter.4}% 14
\BOOKMARK [0][-]{chapter.5}{\376\377\170\024\172\166}{}% 15
\BOOKMARK [1][-]{section.5.1}{\376\377\122\035\153\145\122\006\147\220}{chapter.5}% 16
\BOOKMARK [1][-]{section.5.2}{\376\377\153\143\137\017\170\024\172\166}{chapter.5}% 17
\BOOKMARK [0][-]{chapter.6}{\376\377\215\133\127\072\210\150\163\260}{}% 18
\BOOKMARK [1][-]{section.6.1}{\376\377\153\324\215\133\211\304\122\031\116\016\173\126\165\145}{chapter.6}% 19
\BOOKMARK [1][-]{section.6.2}{\376\377\133\146\147\057\142\245\124\112}{chapter.6}% 20
\BOOKMARK [0][-]{chapter.7}{\376\377\226\104\137\125}{}% 21
\BOOKMARK [1][-]{section.7.1}{\376\377\0002\0000\0002\0000\136\164\172\336\215\133\230\230\166\356}{chapter.7}% 22
\BOOKMARK [1][-]{section.7.2}{\376\377\124\057\123\321\140\047\225\356\230\230}{chapter.7}% 23
\BOOKMARK [1][-]{section.7.3}{\376\377\217\203\147\011\165\050\166\204\217\157\116\366}{chapter.7}% 24
